<?xml version="1.0" encoding="UTF-8"?>
<!-- Generated by org.testng.reporters.JUnitReportReporter -->
<testsuite hostname="DESKTOP-A5DSD4E" failures="0" tests="1" name="testAll.signInUser" time="1.452" errors="0" timestamp="2023-01-03T03:20:18 BDT" skipped="0">
  <testcase classname="testAll.signInUser" name="loginUser" time="1.452"/>
  <system-out/>
</testsuite> <!-- testAll.signInUser -->
