<?xml version="1.0" encoding="UTF-8"?>
<!-- Generated by org.testng.reporters.JUnitReportReporter -->
<testsuite hostname="DESKTOP-A5DSD4E" failures="0" tests="1" name="testAll.checkOutAndOrderPlace" time="9.448" errors="0" timestamp="2023-01-03T03:20:18 BDT" skipped="0">
  <testcase classname="testAll.checkOutAndOrderPlace" name="checkoutAndOrder" time="9.448"/>
  <system-out/>
</testsuite> <!-- testAll.checkOutAndOrderPlace -->
