<?xml version="1.0" encoding="UTF-8"?>
<!-- Generated by org.testng.reporters.JUnitReportReporter -->
<testsuite hostname="DESKTOP-A5DSD4E" failures="0" tests="2" name="testAll.AddAndRemoveFromCart" time="20.867" errors="0" timestamp="2023-01-03T03:20:18 BDT" skipped="0">
  <testcase classname="testAll.AddAndRemoveFromCart" name="Add" time="10.481"/>
  <system-out/>
  <testcase classname="testAll.AddAndRemoveFromCart" name="remove" time="10.386"/>
  <system-out/>
</testsuite> <!-- testAll.AddAndRemoveFromCart -->
