<?xml version="1.0" encoding="UTF-8"?>
<!-- Generated by org.testng.reporters.JUnitReportReporter -->
<testsuite hostname="DESKTOP-KHD4INJ" failures="0" tests="1" name="signIn.signInUser" time="13.625" errors="0" timestamp="2022-11-24T03:59:13 BDT" skipped="0">
  <testcase classname="signIn.signInUser" name="name" time="13.625"/>
  <system-out/>
</testsuite> <!-- signIn.signInUser -->
