<?xml version="1.0" encoding="UTF-8"?>
<!-- Generated by org.testng.reporters.JUnitReportReporter -->
<testsuite hostname="DESKTOP-A5DSD4E" failures="0" tests="1" name="testAll.LogOutUser" time="2.134" errors="0" timestamp="2023-01-03T03:20:18 BDT" skipped="0">
  <testcase classname="testAll.LogOutUser" name="SignOutUser" time="2.134"/>
  <system-out/>
</testsuite> <!-- testAll.LogOutUser -->
